<?xml version="1.0" encoding="utf-8"?><testsuites name="pytest tests"><testsuite name="pytest" errors="0" failures="0" skipped="1" tests="2347" time="1905.172" timestamp="2026-07-26T11:42:40.131358+00:00" hostname="runnervmvrwv9"><testcase classname="tests.alive.base.test_predictor.TestRecoverKnownLinearShift" name="test_weights_close_to_w_true" time="0.003" /><testcase classname="tests.alive.base.test_predictor.TestRecoverKnownLinearShift" name="test_predicted_shift_close_to_true" time="0.002" /><testcase classname="tests.alive.base.test_predictor.TestPredictShapeAndComposition" name="test_predicted_cells_shape" time="0.001" /><testcase classname="tests.alive.base.test_predictor.TestPredictShapeAndComposition" name="test_predicted_cells_equals_ctrl_plus_shift" time="0.001" /><testcase classname="tests.alive.base.test_predictor.TestPredictShapeAndComposition" name="test_predicted_mean_equals_control_mean_plus_shift" time="0.001" /><testcase classname="tests.alive.base.test_predictor.TestPredictShapeAndComposition" name="test_ensemble_member_means_shape" time="0.001" /><testcase classname="tests.alive.base.test_predictor.TestPredictShapeAndComposition" name="test_ensemble_member_means_equals_control_mean_plus_phi_at_w_m" time="0.001" /><testcase classname="tests.alive.base.test_predictor.TestPredictShapeAndComposition" name="test_predicted_cells_uses_query_features" time="0.001" /><testcase classname="tests.alive.base.test_predictor.TestPredictShapeAndComposition" name="test_predict_returns_correct_perturbation_id" time="0.001" /><testcase classname="tests.alive.base.test_predictor.TestCVAlphaSelection" name="test_cv_scores_has_one_entry_per_grid_alpha" time="0.001" /><testcase classname="tests.alive.base.test_predictor.TestCVAlphaSelection" name="test_chosen_alpha_is_argmin_cv_score" time="0.001" /><testcase classname="tests.alive.base.test_predictor.TestCVAlphaSelection" name="test_chosen_alpha_smaller_tie_break" time="0.001" /><testcase classname="tests.alive.base.test_predictor.TestCVAlphaSelection" name="test_small_alpha_wins_on_noiseless_linear" time="0.001" /><testcase classname="tests.alive.base.test_predictor.TestPairedBootstrapIndices" name="test_paired_indices_via_math" time="0.002" /><testcase classname="tests.alive.base.test_predictor.TestPairedBootstrapIndices" name="test_ensemble_weights_shape" time="0.001" /><testcase classname="tests.alive.base.test_predictor.TestLeakageBoundary" name="test_different_method_dev_populations_give_same_base" time="0.002" /><testcase classname="tests.alive.base.test_predictor.TestLeakageBoundary" name="test_sealed_access_count_is_zero_after_fit" time="0.001" /><testcase classname="tests.alive.base.test_predictor.TestDeterminism" name="test_same_seed_gives_identical_checksum" time="0.002" /><testcase classname="tests.alive.base.test_predictor.TestDeterminism" name="test_same_seed_gives_identical_w_alpha_and_checksum" time="0.002" /><testcase classname="tests.alive.base.test_predictor.TestDeterminism" name="test_different_seed_changes_ensemble" time="0.002" /><testcase classname="tests.alive.base.test_predictor.TestDeterminism" name="test_fold_assignment_same_seed_reproduces" time="0.000" /><testcase classname="tests.alive.base.test_predictor.TestDeterminism" name="test_fold_assignment_different_seeds_differ" time="0.000" /><testcase classname="tests.alive.base.test_predictor.TestRoundTrip" name="test_round_trip_arrays" time="0.011" /><testcase classname="tests.alive.base.test_predictor.TestRoundTrip" name="test_round_trip_checksum" time="0.003" /><testcase classname="tests.alive.base.test_predictor.TestRoundTrip" name="test_round_trip_predict" time="0.003" /><testcase classname="tests.alive.base.test_predictor.TestRoundTrip" name="test_round_trip_scalar_fields" time="0.003" /><testcase classname="tests.alive.base.test_predictor.TestInputValidation" name="test_n_less_than_cv_folds_raises" time="0.001" /><testcase classname="tests.alive.base.test_predictor.TestInputValidation" name="test_n_equal_cv_folds_does_not_raise" time="0.001" /><testcase classname="tests.alive.base.test_predictor.TestMissingFeatureIds" name="test_missing_ids_skipped" time="0.001" /><testcase classname="tests.alive.base.test_predictor.TestMissingFeatureIds" name="test_all_ids_missing_raises" time="0.000" /><testcase classname="tests.alive.base.test_predictor.TestPredictor" name="test_feature_dim_and_pca_dims" time="0.001" /><testcase classname="tests.alive.base.test_predictor.TestPredictor" name="test_control_mean_shape" time="0.001" /><testcase classname="tests.alive.base.test_predictor.TestPredictor" name="test_transformed_control_shape" time="0.001" /><testcase classname="tests.alive.base.test_predictor.TestPredictor" name="test_weights_shape" time="0.001" /><testcase classname="tests.alive.base.test_predictor.TestPredictor" name="test_checksum_is_string" time="0.001" /><testcase classname="tests.alive.base.test_predictor.TestPredictor" name="test_fit_perturbation_ids_sorted" time="0.001" /><testcase classname="tests.alive.base.test_predictor.TestPredictor" name="test_fit_perturbation_ids_subset_of_base_train" time="0.001" /><testcase classname="tests.alive.base.test_predictor.TestPredictor" name="test_checksum_changes_with_weights" time="0.002" /><testcase classname="tests.alive.baselines.test_uq.TestNearestFeatureDistance" name="test_matches_k1_feature_knn" time="0.001" /><testcase classname="tests.alive.baselines.test_uq.TestNearestFeatureDistance" name="test_output_shape" time="0.000" /><testcase classname="tests.alive.baselines.test_uq.TestNearestFeatureDistance" name="test_nonnegative" time="0.000" /><testcase classname="tests.alive.baselines.test_uq.TestNearestFeatureDistance" name="test_identical_query_to_ref_zero" time="0.001" /><testcase classname="tests.alive.baselines.test_uq.TestNearestFeatureDistance" name="test_higher_score_more_distant" time="0.000" /><testcase classname="tests.alive.baselines.test_uq.TestEnsembleDisagreement" name="test_identical_members_near_zero" time="0.001" /><testcase classname="tests.alive.baselines.test_uq.TestEnsembleDisagreement" name="test_higher_spread_higher_score" time="0.001" /><testcase classname="tests.alive.baselines.test_uq.TestEnsembleDisagreement" name="test_output_shape" time="0.001" /><testcase classname="tests.alive.baselines.test_uq.TestEnsembleDisagreement" name="test_deterministic" time="0.001" /><testcase classname="tests.alive.baselines.test_uq.TestEnsembleDisagreement" name="test_nonnegative" time="0.001" /><testcase classname="tests.alive.baselines.test_uq.TestEnsembleDisagreement" name="test_different_signature_documented" time="0.000" /><testcase classname="tests.alive.baselines.test_uq.TestEnsembleDisagreement" name="test_score_before_fit_raises" time="0.000" /><testcase classname="tests.alive.baselines.test_uq.TestRidgeErrorRegressor" name="test_output_shape" time="0.002" /><testcase classname="tests.alive.baselines.test_uq.TestRidgeErrorRegressor" name="test_predicts_higher_near_high_error_refs" time="0.001" /><testcase classname="tests.alive.baselines.test_uq.TestRidgeErrorRegressor" name="test_deterministic" time="0.002" /><testcase classname="tests.alive.baselines.test_uq.TestRidgeErrorRegressor" name="test_consumes_same_inputs" time="0.001" /><testcase classname="tests.alive.baselines.test_uq.TestGbmErrorRegressor" name="test_output_shape" time="0.005" /><testcase classname="tests.alive.baselines.test_uq.TestGbmErrorRegressor" name="test_deterministic_given_seed" time="0.008" /><testcase classname="tests.alive.baselines.test_uq.TestGbmErrorRegressor" name="test_different_seeds_may_differ" time="0.037" /><testcase classname="tests.alive.baselines.test_uq.TestGbmErrorRegressor" name="test_predicts_higher_near_high_error_refs" time="0.016" /><testcase classname="tests.alive.baselines.test_uq.TestGbmErrorRegressor" name="test_consumes_same_inputs_as_ridge" time="0.005" /><testcase classname="tests.alive.baselines.test_uq.TestResidualOnly" name="test_distinct_class_not_trust_gate" time="0.001" /><testcase classname="tests.alive.baselines.test_uq.TestResidualOnly" name="test_equals_r4_only_computation" time="0.001" /><testcase classname="tests.alive.baselines.test_uq.TestResidualOnly" name="test_output_shape" time="0.001" /><testcase classname="tests.alive.baselines.test_uq.TestResidualOnly" name="test_range" time="0.001" /><testcase classname="tests.alive.baselines.test_uq.TestResidualOnly" name="test_is_not_trust_gate_subclass" time="0.000" /><testcase classname="tests.alive.baselines.test_uq.TestResidualOnly" name="test_fit_k_equals_n_refs_raises_gate_error" time="0.000" /><testcase classname="tests.alive.baselines.test_uq.TestResidualOnly" name="test_higher_score_near_high_error_refs" time="0.001" /><testcase classname="tests.alive.baselines.test_uq.TestIdenticalMethodBudgets" name="test_all_comparators_same_inputs" time="0.005" /><testcase classname="tests.alive.baselines.test_uq.TestIdenticalMethodBudgets" name="test_ensemble_disagreement_takes_different_input" time="0.001" /><testcase classname="tests.alive.compose.driver.test_bias_report_preseal" name="test_shared_helper_pins_exact_expected_provenance_roster" time="0.978" /><testcase classname="tests.alive.compose.driver.test_bias_report_preseal" name="test_shared_helper_rejects_each_run_bound_input_tamper" time="0.270" /><testcase classname="tests.alive.compose.driver.test_carrier_loader" name="test_loaded_phase2a_inputs_match_built" time="0.355" /><testcase classname="tests.alive.compose.driver.test_carrier_loader" name="test_loaded_dev_store_audit_matches_built" time="0.314" /><testcase classname="tests.alive.compose.driver.test_carrier_loader" name="test_loaded_response_artifact_matches_built" time="0.243" /><testcase classname="tests.alive.compose.driver.test_carrier_loader" name="test_response_space_checksum_fidelity_gate" time="0.112" /><testcase classname="tests.alive.compose.driver.test_carrier_loader" name="test_loaded_sealed_outcome_matches_built" time="0.114" /><testcase classname="tests.alive.compose.driver.test_carrier_loader" name="test_loaded_carrier_drives_phase2a_to_zero" time="39.067" /><testcase classname="tests.alive.compose.driver.test_carrier_loader" name="test_scientific_mode_without_trusted_repo_root_raises_runspecerror" time="0.001" /><testcase classname="tests.alive.compose.driver.test_carrier_loader" name="test_unreadable_spec_raises_runspecerror" time="0.001" /><testcase classname="tests.alive.compose.driver.test_carrier_loader" name="test_fixture_carrier_has_scientific_fields_none" time="0.111" /><testcase classname="tests.alive.compose.driver.test_carrier_loader" name="test_scientific_carrier_requires_all_fields" time="0.109" /><testcase classname="tests.alive.compose.driver.test_carrier_loader" name="test_fixture_mode_rejects_populated_scientific_field" time="0.112" /><testcase classname="tests.alive.compose.driver.test_carrier_loader" name="test_scientific_partial_miss_rejects[activation_record]" time="0.112" /><testcase classname="tests.alive.compose.driver.test_carrier_loader" name="test_scientific_partial_miss_rejects[git_is_clean]" time="0.112" /><testcase classname="tests.alive.compose.driver.test_carrier_loader" name="test_scientific_partial_miss_rejects[environment]" time="0.111" /><testcase classname="tests.alive.compose.driver.test_carrier_loader" name="test_scientific_partial_miss_rejects[data_card_path]" time="0.189" /><testcase classname="tests.alive.compose.driver.test_carrier_loader" name="test_scientific_partial_miss_rejects[raw_asset_path]" time="0.112" /><testcase classname="tests.alive.compose.driver.test_carrier_loader" name="test_scientific_partial_miss_rejects[provenance_inputs]" time="0.112" /><testcase classname="tests.alive.compose.driver.test_carrier_loader" name="test_scientific_wrong_type_rejects[git_is_clean-1-must be exactly True]" time="0.111" /><testcase classname="tests.alive.compose.driver.test_carrier_loader" name="test_scientific_wrong_type_rejects[activation_record-x-must be an ActivationRecord]" time="0.111" /><testcase classname="tests.alive.compose.driver.test_carrier_loader" name="test_scientific_wrong_type_rejects[environment-x-must be an EnvironmentInfo]" time="0.112" /><testcase classname="tests.alive.compose.driver.test_carrier_loader" name="test_scientific_wrong_type_rejects[provenance_inputs-x-must be ActivationProvenanceInputs]" time="0.112" /><testcase classname="tests.alive.compose.driver.test_carrier_loader" name="test_scientific_wrong_type_rejects[data_card_path-x-must be Path]" time="0.111" /><testcase classname="tests.alive.compose.driver.test_carrier_loader" name="test_scientific_wrong_type_rejects[raw_asset_path-x-must be Path]" time="0.111" /><testcase classname="tests.alive.compose.driver.test_carrier_loader" name="test_unknown_mode_rejects" time="0.111" /><testcase classname="tests.alive.compose.driver.test_cli" name="test_phase2a_on_fixture_spec_returns_zero" time="38.804" /><testcase classname="tests.alive.compose.driver.test_cli" name="test_preseal_validation_failure_returns_ten" time="0.002" /><testcase classname="tests.alive.compose.driver.test_cli" name="test_futility_via_phase2a_returns_twenty" time="0.175" /><testcase classname="tests.alive.compose.driver.test_cli" name="test_assembler_error_returns_ten" time="0.125" /><testcase classname="tests.alive.compose.driver.test_cli" name="test_unknown_subcommand_raises_systemexit_two" time="0.002" /><testcase classname="tests.alive.compose.driver.test_cli" name="test_missing_required_flag_raises_systemexit_two" time="0.001" /><testcase classname="tests.alive.compose.driver.test_cli" name="test_recover_dispatches_with_run_dir_only_and_maps_library_result" time="0.002" /><testcase classname="tests.alive.compose.driver.test_cli" name="test_recover_accepts_external_seal_audit_path" time="0.002" /><testcase classname="tests.alive.compose.driver.test_cli" name="test_three_independent_processes_full_e2e" time="40.248" /><testcase classname="tests.alive.compose.driver.test_confirmation" name="test_build_returns_self_checksummed_v1_manifest" time="0.000" /><testcase classname="tests.alive.compose.driver.test_confirmation" name="test_build_binds_the_complete_preseal_checksum_set" time="0.000" /><testcase classname="tests.alive.compose.driver.test_confirmation" name="test_build_method_roster_matches_config2_exactly_and_order_fixed" time="0.000" /><testcase classname="tests.alive.compose.driver.test_confirmation" name="test_build_rejects_malformed_inputs[override0-run_id]" time="0.001" /><testcase classname="tests.alive.compose.driver.test_confirmation" name="test_build_rejects_malformed_inputs[override1-execution_id]" time="0.000" /><testcase classname="tests.alive.compose.driver.test_confirmation" name="test_build_rejects_malformed_inputs[override2-resolved_run_spec_file_sha256]" time="0.000" /><testcase classname="tests.alive.compose.driver.test_confirmation" name="test_build_rejects_malformed_inputs[override3-approved_git_sha]" time="0.000" /><testcase classname="tests.alive.compose.driver.test_confirmation" name="test_build_rejects_malformed_inputs[override4-git_clean]" time="0.000" /><testcase classname="tests.alive.compose.driver.test_confirmation" name="test_build_rejects_malformed_inputs[override5-preseal_checksums]" time="0.000" /><testcase classname="tests.alive.compose.driver.test_confirmation" name="test_build_rejects_malformed_inputs[override6-preseal_checksums]" time="0.000" /><testcase classname="tests.alive.compose.driver.test_confirmation" name="test_build_rejects_malformed_inputs[override7-preseal_checksums]" time="0.000" /><testcase classname="tests.alive.compose.driver.test_confirmation" name="test_build_rejects_malformed_inputs[override8-selected_hyperparameters]" time="0.000" /><testcase classname="tests.alive.compose.driver.test_confirmation" name="test_build_rejects_malformed_inputs[override9-worker_identity]" time="0.000" /><testcase classname="tests.alive.compose.driver.test_confirmation" name="test_build_rejects_malformed_inputs[override10-worker_identity]" time="0.000" /><testcase classname="tests.alive.compose.driver.test_confirmation" name="test_build_rejects_malformed_inputs[override11-double_pair_count]" time="0.000" /><testcase classname="tests.alive.compose.driver.test_confirmation" name="test_build_rejects_malformed_inputs[override12-single_pair_count]" time="0.000" /><testcase classname="tests.alive.compose.driver.test_confirmation" name="test_build_rejects_malformed_inputs[override13-double_pair_count]" time="0.000" /><testcase classname="tests.alive.compose.driver.test_confirmation" name="test_build_rejects_malformed_inputs[override14-ordered_seal_request_checksum]" time="0.000" /><testcase classname="tests.alive.compose.driver.test_confirmation" name="test_build_rejects_malformed_inputs[override15-futility_status]" time="0.000" /><testcase classname="tests.alive.compose.driver.test_confirmation" name="test_build_rejects_malformed_inputs[override16-sealed_access_count]" time="0.000" /><testcase classname="tests.alive.compose.driver.test_confirmation" name="test_build_rejects_malformed_inputs[override17-forbidden_output_absence]" time="0.000" /><testcase classname="tests.alive.compose.driver.test_confirmation" name="test_build_rejects_malformed_inputs[override18-accepted_limitations]" time="0.000" /><testcase classname="tests.alive.compose.driver.test_confirmation" name="test_build_rejects_malformed_inputs[override19-accepted_limitations]" time="0.000" /><testcase classname="tests.alive.compose.driver.test_confirmation" name="test_build_rejects_malformed_inputs[override20-accepted_limitations]" time="0.000" /><testcase classname="tests.alive.compose.driver.test_confirmation" name="test_round_trip_build_install_verify_passes" time="0.003" /><testcase classname="tests.alive.compose.driver.test_confirmation" name="test_install_is_write_once" time="0.003" /><testcase classname="tests.alive.compose.driver.test_confirmation" name="test_install_rejects_a_manifest_with_broken_self_checksum" time="0.001" /><testcase classname="tests.alive.compose.driver.test_confirmation" name="test_verify_rejects_a_run_id_only_token" time="0.003" /><testcase classname="tests.alive.compose.driver.test_confirmation" name="test_verify_rejects_any_non_matching_token" time="0.003" /><testcase classname="tests.alive.compose.driver.test_confirmation" name="test_verify_rejects_a_tampered_stored_manifest" time="0.001" /><testcase classname="tests.alive.compose.driver.test_confirmation" name="test_verify_rejects_a_diverging_reconstruct_input" time="0.002" /><testcase classname="tests.alive.compose.driver.test_confirmation" name="test_verify_rejects_a_diverging_git_clean_reconstruct_input" time="0.002" /><testcase classname="tests.alive.compose.driver.test_confirmation" name="test_verify_rejects_reconstruct_inputs_missing_keys" time="0.002" /><testcase classname="tests.alive.compose.driver.test_confirmation" name="test_verify_rejects_a_method_roster_that_is_not_config2_constant" time="0.002" /><testcase classname="tests.alive.compose.driver.test_confirmation" name="test_verify_rejects_a_comparator_roster_that_is_not_config2_constant" time="0.002" /><testcase classname="tests.alive.compose.driver.test_confirmation" name="test_verify_rejects_stored_futility_not_continue" time="0.001" /><testcase classname="tests.alive.compose.driver.test_confirmation" name="test_verify_rejects_stored_nonzero_sealed_access_count" time="0.001" /><testcase classname="tests.alive.compose.driver.test_confirmation" name="test_verify_rejects_stored_forbidden_output_present" time="0.001" /><testcase classname="tests.alive.compose.driver.test_confirmation" name="test_verify_rejects_stored_manifest_missing_a_new_field" time="0.001" /><testcase classname="tests.alive.compose.driver.test_confirmation" name="test_verify_rejects_tampered_new_field_breaking_self_checksum" time="0.001" /><testcase classname="tests.alive.compose.driver.test_confirmation" name="test_verify_rejects_a_diverging_worker_identity_reconstruct_input" time="0.003" /><testcase classname="tests.alive.compose.driver.test_confirmation" name="test_verify_rejects_non_canonical_json_bytes" time="0.001" /><testcase classname="tests.alive.compose.driver.test_confirmation" name="test_verify_rejects_wrong_schema" time="0.002" /><testcase classname="tests.alive.compose.driver.test_fixture_builder" name="test_fixture_spec_loads_via_loader" time="0.111" /><testcase classname="tests.alive.compose.driver.test_fixture_builder" name="test_every_declared_digest_matches_on_disk_bytes" time="0.108" /><testcase classname="tests.alive.compose.driver.test_fixture_builder" name="test_fixture_sym_to_vec_matches_operator_sym_to_vec" time="0.001" /><testcase classname="tests.alive.compose.driver.test_fixture_builder" name="test_run_id_is_fixed_and_recomputes" time="0.108" /><testcase classname="tests.alive.compose.driver.test_fixture_builder" name="test_worker_file_digests_match_stub_constants" time="0.105" /><testcase classname="tests.alive.compose.driver.test_fixture_builder" name="test_worker_bundle_contains_the_committed_stub_and_exact_helpers" time="0.129" /><testcase classname="tests.alive.compose.driver.test_fixture_builder" name="test_pair_index_manifest_passes_preseal_validation" time="0.108" /><testcase classname="tests.alive.compose.driver.test_fixture_builder" name="test_sealed_source_obs_labels_align_with_pair_index" time="0.186" /><testcase classname="tests.alive.compose.driver.test_fixture_builder" name="test_corpus_attestation_matches_v1" time="0.106" /><testcase classname="tests.alive.compose.driver.test_fixture_builder" name="test_builder_constructs_no_store_object" time="0.105" /><testcase classname="tests.alive.compose.driver.test_fixture_builder" name="test_payload_within_fixture_bounds" time="0.113" /><testcase classname="tests.alive.compose.driver.test_fixture_builder" name="test_fit_role_carries_a_combo_cell_per_calibration_pair" time="0.117" /><testcase classname="tests.alive.compose.driver.test_fixture_builder" name="test_run_dir_starts_empty" time="0.105" /><testcase classname="tests.alive.compose.driver.test_identity_lock" name="test_fixture_lock_from_hashed_stub_bytes" time="0.001" /><testcase classname="tests.alive.compose.driver.test_identity_lock" name="test_build_subprocess_backend_carries_lock" time="0.001" /><testcase classname="tests.alive.compose.driver.test_identity_lock" name="test_declared_lock_digest_divergence_fails_closed" time="0.001" /><testcase classname="tests.alive.compose.driver.test_identity_lock" name="test_declared_pathsha_digest_divergence_fails_closed" time="0.001" /><testcase classname="tests.alive.compose.driver.test_identity_lock" name="test_representation_mismatch_fails_closed" time="0.001" /><testcase classname="tests.alive.compose.driver.test_identity_lock" name="test_unregistered_representation_fails_closed" time="0.001" /><testcase classname="tests.alive.compose.driver.test_identity_lock" name="test_scientific_fails_closed_on_adapter_version" time="0.001" /><testcase classname="tests.alive.compose.driver.test_identity_lock" name="test_scientific_bundle_reaches_missing_adapter_manifest_gate" time="0.088" /><testcase classname="tests.alive.compose.driver.test_identity_lock" name="test_scientific_bundle_method_mismatch_fails_closed" time="0.061" /><testcase classname="tests.alive.compose.driver.test_identity_lock" name="test_symlink_worker_file_fails_closed" time="0.001" /><testcase classname="tests.alive.compose.driver.test_identity_lock" name="test_symlink_worker_script_fails_closed" time="0.001" /><testcase classname="tests.alive.compose.driver.test_identity_lock" name="test_symlink_adapter_artifact_fails_closed" time="0.001" /><testcase classname="tests.alive.compose.driver.test_identity_lock" name="test_declared_adapter_artifact_pathsha_divergence_fails_closed" time="0.001" /><testcase classname="tests.alive.compose.driver.test_identity_lock" name="test_deep_baseline_methods_constant" time="0.000" /><testcase classname="tests.alive.compose.driver.test_identity_lock" name="test_assemble_baseline_backends_rejects_extra_method" time="0.001" /><testcase classname="tests.alive.compose.driver.test_identity_lock" name="test_assemble_baseline_backends_rejects_missing_method" time="0.001" /><testcase classname="tests.alive.compose.driver.test_identity_lock" name="test_assemble_baseline_backends_rejects_mode_flag_mismatch" time="0.001" /><testcase classname="tests.alive.compose.driver.test_identity_lock" name="test_assemble_baseline_backends_happy" time="0.001" /><testcase classname="tests.alive.compose.driver.test_mini_e2e" name="test_phase2a_process_installs_frozen_bundle_oof_ledger_and_distinct_seed_report" time="42.944" /><testcase classname="tests.alive.compose.driver.test_mini_e2e" name="test_preflight_process_installs_confirmation_manifest_with_token" time="0.000" /><testcase classname="tests.alive.compose.driver.test_mini_e2e" name="test_phase2b_process_completes_with_durable_marker_terminal_and_audit" time="0.000" /><testcase classname="tests.alive.compose.driver.test_mini_e2e" name="test_positive_phase2b_emits_nothing_to_stdout" time="42.881" /><testcase classname="tests.alive.compose.driver.test_mini_e2e" name="test_omitting_preflight_process_makes_phase2b_fail_closed_before_seal" time="41.370" /><testcase classname="tests.alive.compose.driver.test_mini_e2e" name="test_deleting_phase2a_ledger_makes_preflight_fail_closed" time="39.810" /><testcase classname="tests.alive.compose.driver.test_mini_e2e" name="test_tampering_phase2a_ledger_binding_makes_preflight_fail_closed" time="40.269" /><testcase classname="tests.alive.compose.driver.test_mini_e2e" name="test_deleting_ledger_after_confirmation_makes_phase2b_fail_closed" time="41.376" /><testcase classname="tests.alive.compose.driver.test_mini_e2e" name="test_recover_process_synthesizes_aborted_after_seal_from_crash_state" time="44.297" /><testcase classname="tests.alive.compose.driver.test_mini_e2e" name="test_recover_process_on_completed_run_is_verify_only" time="44.163" /><testcase classname="tests.alive.compose.driver.test_mini_e2e" name="test_scientific_mode_spec_fails_closed_via_cli_with_no_store" time="1.354" /><testcase classname="tests.alive.compose.driver.test_mini_e2e" name="test_run_id_only_token_rejected_by_phase2b_process_before_seal" time="41.326" /><testcase classname="tests.alive.compose.driver.test_pair_index_preseal" name="test_happy_manifest_binds_to_attestation" time="0.000" /><testcase classname="tests.alive.compose.driver.test_pair_index_preseal" name="test_attested_pair_index_file_digest_must_match_actual_file_digest" time="0.000" /><testcase classname="tests.alive.compose.driver.test_pair_index_preseal" name="test_tampered_self_checksum_raises" time="0.000" /><testcase classname="tests.alive.compose.driver.test_pair_index_preseal" name="test_manifest_source_sha_mismatch_attestation_raises" time="0.000" /><testcase classname="tests.alive.compose.driver.test_pair_index_preseal" name="test_manifest_row_identity_sha_mismatch_attestation_raises" time="0.000" /><testcase classname="tests.alive.compose.driver.test_pair_index_preseal" name="test_attestation_missing_field_raises" time="0.000" /><testcase classname="tests.alive.compose.driver.test_pair_index_preseal" name="test_attestation_tampered_self_checksum_raises" time="0.000" /><testcase classname="tests.alive.compose.driver.test_pair_index_preseal" name="test_missing_perturbation_column_raises" time="0.000" /><testcase classname="tests.alive.compose.driver.test_pair_index_preseal" name="test_missing_combo_sep_raises" time="0.000" /><testcase classname="tests.alive.compose.driver.test_pair_index_preseal" name="test_missing_control_token_raises" time="0.000" /><testcase classname="tests.alive.compose.driver.test_pair_index_preseal" name="test_unknown_top_level_key_raises" time="0.000" /><testcase classname="tests.alive.compose.driver.test_pair_index_preseal" name="test_wrong_schema_constant_raises" time="0.000" /><testcase classname="tests.alive.compose.driver.test_pair_index_preseal" name="test_invalid_role_raises" time="0.000" /><testcase classname="tests.alive.compose.driver.test_pair_index_preseal" name="test_non_canonical_pair_order_raises" time="0.000" /><testcase classname="tests.alive.compose.driver.test_pair_index_preseal" name="test_duplicate_row_index_within_pair_raises" time="0.000" /><testcase classname="tests.alive.compose.driver.test_pair_index_preseal" name="test_duplicate_canonical_pair_raises" time="0.000" /><testcase classname="tests.alive.compose.driver.test_pair_index_preseal" name="test_empty_pairs_list_raises" time="0.000" /><testcase classname="tests.alive.compose.driver.test_phase2a_cmd" name="test_continue_installs_exactly_four_artifacts" time="36.146" /><testcase classname="tests.alive.compose.driver.test_phase2a_cmd" name="test_continue_seed_variability_report_is_complete" time="35.859" /><testcase classname="tests.alive.compose.driver.test_phase2a_cmd" name="test_continue_ledger_carries_driver_added_shas" time="35.572" /><testcase classname="tests.alive.compose.driver.test_phase2a_cmd" name="test_nonempty_run_dir_fails_closed_before_fit" time="0.106" /><testcase classname="tests.alive.compose.driver.test_phase2a_cmd" name="test_futility_writes_only_the_futility_report" time="0.002" /><testcase classname="tests.alive.compose.driver.test_phase2a_env_plumbing" name="test_scientific_dispatch_forwards_environment" time="0.242" /><testcase classname="tests.alive.compose.driver.test_phase2a_env_plumbing" name="test_scientific_environment_seed_roster_survives_ledger_round_trip" time="0.302" /><testcase classname="tests.alive.compose.driver.test_phase2b_cmd" name="test_full_fixture_path_completes_with_run_bound_audit" time="37.339" /><testcase classname="tests.alive.compose.driver.test_phase2b_cmd" name="test_outcome_store_constructed_exactly_once" time="37.648" /><testcase classname="tests.alive.compose.driver.test_phase2b_cmd" name="test_missing_confirmation_manifest_rejects_before_store" time="35.563" /><testcase classname="tests.alive.compose.driver.test_phase2b_cmd" name="test_run_id_only_token_rejects_before_store" time="36.008" /><testcase classname="tests.alive.compose.driver.test_phase2b_cmd" name="test_swapped_pair_rows_abort_after_durable_claim" time="36.166" /><testcase classname="tests.alive.compose.driver.test_phase2b_cmd" name="test_verified_descriptor_survives_source_path_replacement" time="0.001" /><testcase classname="tests.alive.compose.driver.test_phase2b_cmd" name="test_tampered_source_bytes_fail_integrity_before_store" time="36.205" /><testcase classname="tests.alive.compose.driver.test_phase2b_cmd" name="test_reject_when_audit_already_present" time="36.166" /><testcase classname="tests.alive.compose.driver.test_phase2b_cmd" name="test_corrupt_durable_marker_returns_thirty_post_seal" time="38.133" /><testcase classname="tests.alive.compose.driver.test_phase2b_cmd" name="test_post_seal_step5_raise_returns_thirty[abort-reraise]" time="37.607" /><testcase classname="tests.alive.compose.driver.test_phase2b_cmd" name="test_post_seal_step5_raise_returns_thirty[durable-finalize]" time="37.784" /><testcase classname="tests.alive.compose.driver.test_phase2b_cmd" name="test_preseal_step5_raise_propagates" time="36.269" /><testcase classname="tests.alive.compose.driver.test_phase2b_cmd" name="test_exit_code_constants" time="0.000" /><testcase classname="tests.alive.compose.driver.test_preflight_cmd" name="test_preflight_passes_installs_and_reconstructs" time="35.967" /><testcase classname="tests.alive.compose.driver.test_preflight_cmd" name="test_ordered_seal_request_checksum_matches_phase2b_expression" time="35.901" /><testcase classname="tests.alive.compose.driver.test_preflight_cmd" name="test_worker_identity_is_six_field_lock_form_and_full_preseal_set" time="36.352" /><testcase classname="tests.alive.compose.driver.test_preflight_cmd" name="test_preflight_builds_no_outcome_store" time="36.060" /><testcase classname="tests.alive.compose.driver.test_preflight_cmd" name="test_forbidden_terminal_present_raises_roster" time="36.297" /><testcase classname="tests.alive.compose.driver.test_preflight_cmd" name="test_tampered_ledger_fails_closed_returns_10" time="36.470" /><testcase classname="tests.alive.compose.driver.test_preflight_cmd" name="test_deleted_ledger_fails_closed" time="36.705" /><testcase classname="tests.alive.compose.driver.test_preflight_cmd" name="test_preflight_invokes_preseal_pair_index_validator" time="36.733" /><testcase classname="tests.alive.compose.driver.test_preflight_cmd" name="test_preflight_fails_closed_on_pair_index_rejection" time="36.540" /><testcase classname="tests.alive.compose.driver.test_recover_cmd" name="test_recover_verify_only_is_byte_identical_and_returns_zero" time="38.577" /><testcase classname="tests.alive.compose.driver.test_recover_cmd" name="test_recover_synthesizes_aborted_terminal_returns_thirty" time="38.357" /><testcase classname="tests.alive.compose.driver.test_recover_cmd" name="test_recover_zero_audit_records_fails_closed_returns_thirty" time="38.456" /><testcase classname="tests.alive.compose.driver.test_recover_cmd" name="test_recover_exit_code_constants" time="0.000" /><testcase classname="tests.alive.compose.driver.test_run_dir_state" name="test_phase2a_entry_empty_passes" time="0.001" /><testcase classname="tests.alive.compose.driver.test_run_dir_state" name="test_phase2a_entry_with_run_produced_artifact_raises" time="0.001" /><testcase classname="tests.alive.compose.driver.test_run_dir_state" name="test_phase2a_entry_with_unknown_file_raises" time="0.001" /><testcase classname="tests.alive.compose.driver.test_run_dir_state" name="test_phase2a_continue_exact_four_passes" time="0.001" /><testcase classname="tests.alive.compose.driver.test_run_dir_state" name="test_phase2a_continue_missing_one_raises" time="0.001" /><testcase classname="tests.alive.compose.driver.test_run_dir_state" name="test_phase2a_continue_with_extra_confirmation_raises" time="0.001" /><testcase classname="tests.alive.compose.driver.test_run_dir_state" name="test_phase2a_futility_exact_one_passes" time="0.001" /><testcase classname="tests.alive.compose.driver.test_run_dir_state" name="test_phase2a_futility_with_bundle_raises" time="0.001" /><testcase classname="tests.alive.compose.driver.test_run_dir_state" name="test_phase2a_futility_with_terminal_raises" time="0.001" /><testcase classname="tests.alive.compose.driver.test_run_dir_state" name="test_phase2a_outcome_ignored_for_other_subcommands_raises" time="0.001" /><testcase classname="tests.alive.compose.driver.test_run_dir_state" name="test_phase2a_unrecognised_outcome_raises" time="0.001" /><testcase classname="tests.alive.compose.driver.test_run_dir_state" name="test_preflight_correct_roster_passes" time="0.001" /><testcase classname="tests.alive.compose.driver.test_run_dir_state" name="test_preflight_missing_bundle_raises" time="0.001" /><testcase classname="tests.alive.compose.driver.test_run_dir_state" name="test_preflight_with_terminal_present_raises" time="0.001" /><testcase classname="tests.alive.compose.driver.test_run_dir_state" name="test_preflight_with_confirmation_already_present_raises" time="0.001" /><testcase classname="tests.alive.compose.driver.test_run_dir_state" name="test_preflight_with_audit_present_raises" time="0.001" /><testcase classname="tests.alive.compose.driver.test_run_dir_state" name="test_preflight_with_pre_access_ledger_present_raises" time="0.001" /><testcase classname="tests.alive.compose.driver.test_run_dir_state" name="test_preflight_with_durable_artifact_present_raises" time="0.001" /><testcase classname="tests.alive.compose.driver.test_run_dir_state" name="test_preflight_with_unknown_file_raises" time="0.001" /><testcase classname="tests.alive.compose.driver.test_run_dir_state" name="test_phase2b_correct_roster_passes" time="0.001" /><testcase classname="tests.alive.compose.driver.test_run_dir_state" name="test_phase2b_with_both_ephemeral_locks_passes" time="0.001" /><testcase classname="tests.alive.compose.driver.test_run_dir_state" name="test_phase2b_missing_confirmation_raises" time="0.001" /><testcase classname="tests.alive.compose.driver.test_run_dir_state" name="test_phase2b_with_terminal_present_raises" time="0.001" /><testcase classname="tests.alive.compose.driver.test_run_dir_state" name="test_phase2b_with_audit_present_raises" time="0.001" /><testcase classname="tests.alive.compose.driver.test_run_dir_state" name="test_phase2b_with_pre_access_ledger_present_raises" time="0.001" /><testcase classname="tests.alive.compose.driver.test_run_dir_state" name="test_phase2b_with_durable_artifact_present_raises" time="0.001" /><testcase classname="tests.alive.compose.driver.test_run_dir_state" name="test_phase2b_with_unknown_file_raises" time="0.001" /><testcase classname="tests.alive.compose.driver.test_run_dir_state" name="test_recover_exactly_one_terminal_passes" time="0.001" /><testcase classname="tests.alive.compose.driver.test_run_dir_state" name="test_recover_terminal_with_partial_durable_subset_passes" time="0.001" /><testcase classname="tests.alive.compose.driver.test_run_dir_state" name="test_recover_terminal_zero_with_audit_claim_passes" time="0.001" /><testcase classname="tests.alive.compose.driver.test_run_dir_state" name="test_recover_terminal_zero_with_external_protocol_audit_passes" time="0.001" /><testcase classname="tests.alive.compose.driver.test_run_dir_state" name="test_recover_rejects_ambiguous_local_and_external_audits" time="0.001" /><testcase classname="tests.alive.compose.driver.test_run_dir_state" name="test_recover_terminal_zero_missing_seed_variability_raises" time="0.001" /><testcase classname="tests.alive.compose.driver.test_run_dir_state" name="test_recover_both_ephemeral_locks_allowed" time="0.001" /><testcase classname="tests.alive.compose.driver.test_run_dir_state" name="test_recover_missing_upstream_bundle_raises" time="0.001" /><testcase classname="tests.alive.compose.driver.test_run_dir_state" name="test_recover_two_terminals_raises" time="0.001" /><testcase classname="tests.alive.compose.driver.test_run_dir_state" name="test_recover_terminal_zero_no_audit_raises" time="0.001" /><testcase classname="tests.alive.compose.driver.test_run_dir_state" name="test_recover_audit_without_pre_access_ledger_raises" time="0.001" /><testcase classname="tests.alive.compose.driver.test_run_dir_state" name="test_recover_durable_without_terminal_raises" time="0.001" /><testcase classname="tests.alive.compose.driver.test_run_dir_state" name="test_recover_with_unknown_file_raises" time="0.001" /><testcase classname="tests.alive.compose.driver.test_run_dir_state" name="test_unrecognised_subcommand_raises" time="0.001" /><testcase classname="tests.alive.compose.driver.test_run_dir_state" name="test_nonexistent_run_dir_raises" time="0.001" /><testcase classname="tests.alive.compose.driver.test_run_spec" name="test_happy_fixture_spec_loads" time="0.003" /><testcase classname="tests.alive.compose.driver.test_run_spec" name="test_wrong_schema_discriminator_rejected" time="0.002" /><testcase classname="tests.alive.compose.driver.test_run_spec" name="test_execution_id_is_deterministic_and_unstored" time="0.003" /><testcase classname="tests.alive.compose.driver.test_run_spec" name="test_mode_expected_mismatch_raises" time="0.002" /><testcase classname="tests.alive.compose.driver.test_run_spec" name="test_tampered_self_checksum_raises" time="0.002" /><testcase classname="tests.alive.compose.driver.test_run_spec" name="test_non_canonical_bytes_raise" time="0.002" /><testcase classname="tests.alive.compose.driver.test_run_spec" name="test_extra_top_level_key_raises" time="0.002" /><testcase classname="tests.alive.compose.driver.test_run_spec" name="test_missing_top_level_key_raises" time="0.002" /><testcase classname="tests.alive.compose.driver.test_run_spec" name="test_scientific_block_in_fixture_spec_raises" time="0.002" /><testcase classname="tests.alive.compose.driver.test_run_spec" name="test_fixture_block_in_scientific_spec_raises" time="0.002" /><testcase classname="tests.alive.compose.driver.test_run_spec" name="test_worker_block_missing_adapter_artifact_raises" time="0.003" /><testcase classname="tests.alive.compose.driver.test_run_spec" name="test_worker_env_python_requires_absolute_normalized_path[]" time="0.004" /><testcase classname="tests.alive.compose.driver.test_run_spec" name="test_worker_env_python_requires_absolute_normalized_path[python3]" time="0.004" /><testcase classname="tests.alive.compose.driver.test_run_spec" name="test_worker_env_python_requires_absolute_normalized_path[./python3]" time="0.003" /><testcase classname="tests.alive.compose.driver.test_run_spec" name="test_worker_env_python_requires_absolute_normalized_path[/usr/bin/../bin/python3]" time="0.003" /><testcase classname="tests.alive.compose.driver.test_run_spec" name="test_expected_hashes_missing_key_raises" time="0.002" /><testcase classname="tests.alive.compose.driver.test_run_spec" name="test_expected_hashes_extra_key_raises" time="0.002" /><testcase classname="tests.alive.compose.driver.test_run_spec" name="test_run_produced_basenames_tampered_raises" time="0.002" /><testcase classname="tests.alive.compose.driver.test_run_spec" name="test_declared_digest_mismatch_raises" time="0.002" /><testcase classname="tests.alive.compose.driver.test_run_spec" name="test_run_id_recompute_mismatch_raises" time="0.003" /><testcase classname="tests.alive.compose.driver.test_run_spec" name="test_dotdot_path_raises" time="0.003" /><testcase classname="tests.alive.compose.driver.test_run_spec" name="test_symlink_path_raises" time="0.002" /><testcase classname="tests.alive.compose.driver.test_run_spec" name="test_root_not_realpath_raises" time="0.003" /><testcase classname="tests.alive.compose.driver.test_run_spec" name="test_scientific_block_loads_clean" time="0.317" /><testcase classname="tests.alive.compose.driver.test_run_spec" name="test_activation_evidence_empty_owner_rejects" time="0.201" /><testcase classname="tests.alive.compose.driver.test_run_spec" name="test_activation_evidence_missing_owner_key_rejects" time="0.203" /><testcase classname="tests.alive.compose.driver.test_run_spec" name="test_activation_evidence_wrong_digest_rejects" time="0.220" /><testcase classname="tests.alive.compose.driver.test_run_spec" name="test_activation_evidence_relative_path_rejects" time="0.230" /><testcase classname="tests.alive.compose.driver.test_run_spec" name="test_activation_evidence_outside_root_path_rejects" time="0.307" /><testcase classname="tests.alive.compose.driver.test_run_spec" name="test_activation_evidence_symlink_path_rejects" time="0.200" /><testcase classname="tests.alive.compose.driver.test_run_spec" name="test_activation_evidence_requirement_extra_key_rejects" time="0.200" /><testcase classname="tests.alive.compose.driver.test_run_spec" name="test_activation_evidence_bad_sha_prefix_rejects" time="0.201" /><testcase classname="tests.alive.compose.driver.test_run_spec" name="test_dependency_manifest_malformed_sha_rejects" time="0.292" /><testcase classname="tests.alive.compose.driver.test_run_spec" name="test_dependency_manifest_wrong_digest_rejects" time="0.200" /><testcase classname="tests.alive.compose.driver.test_run_spec" name="test_dependency_manifest_relative_path_rejects" time="0.199" /><testcase classname="tests.alive.compose.driver.test_run_spec" name="test_dependency_manifest_extra_key_rejects" time="0.201" /><testcase classname="tests.alive.compose.driver.test_scientific_activation_assembly" name="test_activation_record_assembles_and_validates" time="0.210" /><testcase classname="tests.alive.compose.driver.test_scientific_activation_assembly" name="test_git_not_clean_rejects" time="0.205" /><testcase classname="tests.alive.compose.driver.test_scientific_activation_assembly" name="test_stale_config_bound_report_rejects" time="0.292" /><testcase classname="tests.alive.compose.driver.test_scientific_activation_assembly" name="test_missing_requirement_rejects" time="0.205" /><testcase classname="tests.alive.compose.driver.test_scientific_activation_assembly" name="test_extra_requirement_rejects" time="0.205" /><testcase classname="tests.alive.compose.driver.test_scientific_activation_assembly" name="test_wrong_digest_rejects" time="0.210" /><testcase classname="tests.alive.compose.driver.test_scientific_activation_assembly" name="test_wrong_owner_rejects" time="0.297" /><testcase classname="tests.alive.compose.driver.test_scientific_activation_assembly" name="test_blocker_present_rejects" time="0.224" /><testcase classname="tests.alive.compose.driver.test_scientific_carrier_load" name="test_scientific_carrier_fully_assembles" time="0.236" /><testcase classname="tests.alive.compose.driver.test_scientific_carrier_load" name="test_phase2b_resolves_the_same_preseal_validated_bias_report" time="0.240" /><testcase classname="tests.alive.compose.driver.test_scientific_carrier_load" name="test_scientific_carrier_rejects_missing_config_pinned_bias_report" time="0.296" /><testcase classname="tests.alive.compose.driver.test_scientific_carrier_load" name="test_scientific_requires_trusted_repo_root" time="0.199" /><testcase classname="tests.alive.compose.driver.test_scientific_carrier_load" name="test_fixture_rejects_trusted_repo_root" time="0.107" /><testcase classname="tests.alive.compose.driver.test_scientific_carrier_load" name="test_wrong_head_fails_closed" time="0.223" /><testcase classname="tests.alive.compose.driver.test_scientific_carrier_support" name="test_scientific_corpus_loads_under_current_loader" time="0.292" /><testcase classname="tests.alive.compose.driver.test_scientific_carrier_support" name="test_synthetic_repo_is_clean_at_approved_head" time="0.201" /><testcase classname="tests.alive.compose.driver.test_scientific_cli_b_boundary" name="test_committed_adapter_manifest_still_absent" time="0.000" /><testcase classname="tests.alive.compose.driver.test_scientific_cli_b_boundary" name="test_full_scientific_cli_fails_closed_at_b" time="0.258" /><testcase classname="tests.alive.compose.driver.test_scientific_cli_b_boundary" name="test_no_run_produced_artifact_no_seal_no_audit" time="0.263" /><testcase classname="tests.alive.compose.driver.test_scientific_cli_b_boundary" name="test_b_boundary_is_reached_not_a_spec_rejection" time="0.258" /><testcase classname="tests.alive.compose.driver.test_scientific_provenance_assembly" name="test_provenance_inputs_map_to_authoritative_sources" time="0.292" /><testcase classname="tests.alive.compose.driver.test_scientific_provenance_assembly" name="test_data_card_not_declaring_processed_asset_rejects" time="0.207" /><testcase classname="tests.alive.compose.driver.test_scientific_runtime" name="test_clean_repo_at_approved_head_resolves" time="0.019" /><testcase classname="tests.alive.compose.driver.test_scientific_runtime" name="test_wrong_head_rejects" time="0.015" /><testcase classname="tests.alive.compose.driver.test_scientific_runtime" name="test_dirty_tracked_rejects" time="0.017" /><testcase classname="tests.alive.compose.driver.test_scientific_runtime" name="test_untracked_file_rejects" time="0.017" /><testcase classname="tests.alive.compose.driver.test_scientific_runtime" name="test_malformed_sha_rejects" time="0.013" /><testcase classname="tests.alive.compose.driver.test_scientific_runtime" name="test_absent_git_rejects" time="0.013" /><testcase classname="tests.alive.compose.driver.test_scientific_runtime" name="test_wrong_repo_root_rejects" time="0.015" /><testcase classname="tests.alive.compose.driver.test_scientific_runtime" name="test_repo_root_not_a_git_repo_rejects" time="0.014" /><testcase classname="tests.alive.compose.driver.test_scientific_runtime" name="test_invalid_registered_seed_roster_rejects[bad_seeds0]" time="0.013" /><testcase classname="tests.alive.compose.driver.test_scientific_runtime" name="test_invalid_registered_seed_roster_rejects[bad_seeds1]" time="0.013" /><testcase classname="tests.alive.compose.driver.test_scientific_runtime" name="test_invalid_registered_seed_roster_rejects[11]" time="0.013" /><testcase classname="tests.alive.compose.driver.test_scientific_runtime" name="test_invalid_registered_seed_roster_rejects[bad_seeds3]" time="0.013" /><testcase classname="tests.alive.compose.driver.test_scientific_runtime" name="test_invalid_registered_seed_roster_rejects[bad_seeds4]" time="0.013" /><testcase classname="tests.alive.compose.driver.test_scientific_runtime" name="test_status_command_does_not_ignore_submodules" time="0.001" /><testcase classname="tests.alive.compose.driver.test_scientific_sealed_declaration" name="test_valid_declaration_passes" time="0.210" /><testcase classname="tests.alive.compose.driver.test_scientific_sealed_declaration" name="test_sealed_input_field_mismatch_rejects[source_path-/tmp/other.h5ad]" time="0.202" /><testcase classname="tests.alive.compose.driver.test_scientific_sealed_declaration" name="test_sealed_input_field_mismatch_rejects[expected_file_sha256-0000000000000000000000000000000000000000000000000000000000000000]" time="0.200" /><testcase classname="tests.alive.compose.driver.test_scientific_sealed_declaration" name="test_sealed_input_field_mismatch_rejects[snapshot_id-wrong_snapshot]" time="0.199" /><testcase classname="tests.alive.compose.driver.test_scientific_sealed_declaration" name="test_audit_path_mismatch_rejects" time="0.292" /><testcase classname="tests.alive.compose.driver.test_scientific_sealed_declaration" name="test_pair_index_row_identity_mismatch_rejects" time="0.198" /><testcase classname="tests.alive.compose.driver.test_scientific_sealed_declaration" name="test_nonexistent_source_path_still_validates_lexically" time="0.368" /><testcase classname="tests.alive.compose.driver.test_scientific_sealed_declaration" name="test_source_path_never_opened_or_statted" time="0.204" /><testcase classname="tests.alive.compose.driver.test_scientific_sealed_declaration" name="test_protocol_audit_is_independent_of_run_directory" time="0.001" /><testcase classname="tests.alive.compose.driver.test_scientific_sealed_declaration" name="test_second_run_directory_cannot_mint_a_fresh_scientific_seal" time="0.203" /><testcase classname="tests.alive.compose.driver.test_seal_safety_structure" name="test_scan_roster_matches_on_disk_modules" time="0.000" /><testcase classname="tests.alive.compose.driver.test_seal_safety_structure" name="test_only_phase2b_imports_or_constructs_the_store" time="0.041" /><testcase classname="tests.alive.compose.driver.test_seal_safety_structure" name="test_phase2a_and_preflight_construct_no_store" time="36.827" /><testcase classname="tests.alive.compose.driver.test_seal_safety_structure" name="test_recover_constructs_no_store" time="38.221" /><testcase classname="tests.alive.compose.driver.test_seal_safety_structure" name="test_phase2b_constructs_exactly_one_store_with_run_bound_audit" time="38.128" /><testcase classname="tests.alive.compose.driver.test_seal_safety_structure" name="test_phase2a_preflight_do_not_open_the_outcome_source" time="36.455" /><testcase classname="tests.alive.compose.driver.test_seal_safety_structure" name="test_phase2b_opens_the_outcome_source_positive_control" time="38.082" /><testcase classname="tests.alive.compose.test_activation_evidence" name="test_committed_go_manifest_is_strict_and_complete" time="0.000" /><testcase classname="tests.alive.compose.test_activation_evidence" name="test_committed_dependency_lock_is_honestly_blocked" time="0.001" /><testcase classname="tests.alive.compose.test_activation_evidence" name="test_go_manifest_checksum_tamper_rejected" time="0.001" /><testcase classname="tests.alive.compose.test_activation_evidence" name="test_go_license_must_be_exact" time="0.001" /><testcase classname="tests.alive.compose.test_activation_evidence" name="test_go_upstream_identity_cannot_be_resealed_to_other_bytes" time="0.001" /><testcase classname="tests.alive.compose.test_activation_evidence" name="test_dependency_requirements_file_sha_tamper_rejected" time="0.002" /><testcase classname="tests.alive.compose.test_activation_evidence" name="test_dependency_backend_pin_is_exact_even_after_rehash" time="0.003" /><testcase classname="tests.alive.compose.test_activation_evidence" name="test_incomplete_evidence_cannot_claim_completion" time="0.003" /><testcase classname="tests.alive.compose.test_activation_evidence" name="test_complete_claim_requires_zero_overlap_and_content_hashes" time="0.003" /><testcase classname="tests.alive.compose.test_activation_evidence" name="test_dependency_go_file_sha_tamper_rejected" time="0.002" /><testcase classname="tests.alive.compose.test_activation_evidence" name="test_dependency_relative_symlink_cannot_escape_evidence_directory" time="0.002" /><testcase classname="tests.alive.compose.test_activation_publication_docs" name="test_production_reports_are_published_outside_the_git_worktree" time="0.000" /><testcase classname="tests.alive.compose.test_activation_publication_docs" name="test_post_generation_commit_self_reference_is_forbidden" time="0.001" /><testcase classname="tests.alive.compose.test_approximation_bias_metric" name="test_degenerate_identical_cells_zero_floor" time="0.005" /><testcase classname="tests.alive.compose.test_approximation_bias_metric" name="test_analytic_two_cell_bias_matches_by_hand" time="0.001" /><testcase classname="tests.alive.compose.test_approximation_bias_metric" name="test_bias_to_signal_ratio_is_ratio_of_medians" time="0.002" /><testcase classname="tests.alive.compose.test_approximation_bias_metric" name="test_fairness_flag_flips_at_r_star" time="0.002" /><testcase classname="tests.alive.compose.test_approximation_bias_metric" name="test_non_finite_ratio_is_indeterminate_not_clear" time="0.001" /><testcase classname="tests.alive.compose.test_approximation_bias_metric" name="test_control_is_not_a_measured_pair" time="0.001" /><testcase classname="tests.alive.compose.test_approximation_bias_metric" name="test_r_star_constant_is_one_half" time="0.000" /><testcase classname="tests.alive.compose.test_approximation_bias_metric" name="test_bootstrap_determinism_byte_identical" time="0.128" /><testcase classname="tests.alive.compose.test_approximation_bias_metric" name="test_bootstrap_reestimates_single_effects_each_replicate" time="0.008" /><testcase classname="tests.alive.compose.test_approximation_bias_metric" name="test_zero_gi_denominator_counted_non_finite" time="0.180" /><testcase classname="tests.alive.compose.test_approximation_bias_metric" name="test_point_estimate_is_rng_free" time="0.057" /><testcase classname="tests.alive.compose.test_approximation_bias_metric" name="test_control_reference_rows_are_accepted_but_not_measured" time="0.020" /><testcase classname="tests.alive.compose.test_approximation_bias_metric" name="test_sealed_pair_member_aborts" time="0.015" /><testcase classname="tests.alive.compose.test_approximation_bias_metric" name="test_gene_order_mismatch_aborts" time="0.013" /><testcase classname="tests.alive.compose.test_approximation_bias_metric" name="test_zero_overlap_recorded" time="0.020" /><testcase classname="tests.alive.compose.test_approximation_bias_metric" name="test_report_has_v2_schema_and_strata" time="0.057" /><testcase classname="tests.alive.compose.test_approximation_bias_metric" name="test_report_validator_binds_basis_and_approved_commit" time="0.055" /><testcase classname="tests.alive.compose.test_approximation_bias_metric" name="test_direct_producer_requires_probe_a_evidence" time="0.011" /><testcase classname="tests.alive.compose.test_approximation_bias_metric" name="test_direct_producer_requires_matching_external_registration_pin" time="0.011" /><testcase classname="tests.alive.compose.test_approximation_bias_metric" name="test_direct_producer_requires_matching_external_verification_pin" time="0.011" /><testcase classname="tests.alive.compose.test_approximation_bias_metric" name="test_forged_admission_cannot_widen_registered_tolerance" time="0.011" /><testcase classname="tests.alive.compose.test_approximation_bias_metric" name="test_report_validator_recomputes_derived_aggregates[&lt;lambda&gt;-b_distribution.median]" time="0.055" /><testcase classname="tests.alive.compose.test_approximation_bias_metric" name="test_report_validator_recomputes_derived_aggregates[&lt;lambda&gt;-floor_median]" time="0.055" /><testcase classname="tests.alive.compose.test_approximation_bias_metric" name="test_self_checksum_detects_tampering" time="0.056" /><testcase classname="tests.alive.compose.test_approximation_bias_metric" name="test_final_config_sha_absent_from_report" time="0.055" /><testcase classname="tests.alive.compose.test_approximation_bias_metric" name="test_canonical_json_byte_reproducible" time="0.100" /><testcase classname="tests.alive.compose.test_approximation_bias_metric" name="test_probe_a_pass_admits" time="0.035" /><testcase classname="tests.alive.compose.test_approximation_bias_metric" name="test_probe_a_bare_pass_is_not_admission_grade" time="0.013" /><testcase classname="tests.alive.compose.test_approximation_bias_metric" name="test_probe_a_missing_failed_quarantined_refuse[missing]" time="0.014" /><testcase classname="tests.alive.compose.test_approximation_bias_metric" name="test_probe_a_missing_failed_quarantined_refuse[failed]" time="0.012" /><testcase classname="tests.alive.compose.test_approximation_bias_metric" name="test_probe_a_missing_failed_quarantined_refuse[quarantined]" time="0.012" /><testcase classname="tests.alive.compose.test_approximation_bias_metric" name="test_probe_a_unknown_or_absent_status_fails_closed[evidence0]" time="0.012" /><testcase classname="tests.alive.compose.test_approximation_bias_metric" name="test_probe_a_unknown_or_absent_status_fails_closed[evidence1]" time="0.012" /><testcase classname="tests.alive.compose.test_approximation_bias_metric" name="test_probe_a_unknown_or_absent_status_fails_closed[evidence2]" time="0.013" /><testcase classname="tests.alive.compose.test_baseline_failclosed" name="test_unavailable_backend_raises_baseline_unavailable" time="0.000" /><testcase classname="tests.alive.compose.test_baseline_failclosed" name="test_incomplete_roster_after_unavailable_backend_raises_freezeerror" time="0.000" /><testcase classname="tests.alive.compose.test_baseline_subprocess" name="test_payload_round_trip_preserves_values_and_checksum" time="0.002" /><testcase classname="tests.alive.compose.test_baseline_subprocess" name="test_worker_payload_read_requires_controller_bound_exact_bytes" time="0.002" /><testcase classname="tests.alive.compose.test_baseline_subprocess" name="test_missing_key_rejected" time="0.001" /><testcase classname="tests.alive.compose.test_baseline_subprocess" name="test_unknown_key_rejected" time="0.001" /><testcase classname="tests.alive.compose.test_baseline_subprocess" name="test_duplicate_prediction_request_pair_rejected" time="0.001" /><testcase classname="tests.alive.compose.test_baseline_subprocess" name="test_misaligned_singles_response_rejected" time="0.001" /><testcase classname="tests.alive.compose.test_baseline_subprocess" name="test_prediction_envelope_round_trip" time="0.001" /><testcase classname="tests.alive.compose.test_baseline_subprocess" name="test_prediction_envelope_bad_representation_rejected" time="0.001" /><testcase classname="tests.alive.compose.test_baseline_subprocess" name="test_prediction_envelope_tampered_predictions_rejected" time="0.001" /><testcase classname="tests.alive.compose.test_baseline_subprocess" name="test_prediction_envelope_symlink_is_rejected" time="0.001" /><testcase classname="tests.alive.compose.test_baseline_subprocess" name="test_controller_rejects_self_consistent_but_false_manifest_identity[combined_request_sha256]" time="0.001" /><testcase classname="tests.alive.compose.test_baseline_subprocess" name="test_controller_rejects_self_consistent_but_false_manifest_identity[fit_artifact_content_sha256]" time="0.001" /><testcase classname="tests.alive.compose.test_baseline_subprocess" name="test_controller_rejects_self_consistent_but_false_manifest_identity[worker_sha256]" time="0.001" /><testcase classname="tests.alive.compose.test_baseline_subprocess" name="test_controller_rejects_self_consistent_but_false_manifest_identity[checkpoint_sha256]" time="0.001" /><testcase classname="tests.alive.compose.test_baseline_subprocess" name="test_controller_rejects_self_consistent_but_false_manifest_identity[config_sha256]" time="0.001" /><testcase classname="tests.alive.compose.test_baseline_subprocess" name="test_controller_rejects_self_consistent_but_false_manifest_identity[resource_sha256]" time="0.001" /><testcase classname="tests.alive.compose.test_baseline_subprocess" name="test_controller_rejects_self_consistent_but_false_manifest_identity[environment_lock_sha256]" time="0.001" /><testcase classname="tests.alive.compose.test_baseline_subprocess" name="test_controller_rejects_self_consistent_but_false_manifest_identity[payload_sha256]" time="0.001" /><testcase classname="tests.alive.compose.test_baseline_subprocess" name="test_controller_rejects_self_consistent_but_false_manifest_identity[adapter_sha256]" time="0.001" /><testcase classname="tests.alive.compose.test_baseline_subprocess" name="test_controller_rejects_replaced_execution_snapshot_against_trusted_sha" time="0.001" /><testcase classname="tests.alive.compose.test_baseline_subprocess" name="test_is_available_true_for_importable_module" time="0.028" /><testcase classname="tests.alive.compose.test_baseline_subprocess" name="test_is_available_uses_minimal_noninjectable_environment" time="0.002" /><testcase classname="tests.alive.compose.test_baseline_subprocess" name="test_is_available_false_for_missing_module" time="0.017" /><testcase classname="tests.alive.compose.test_baseline_subprocess" name="test_is_available_false_for_bad_python" time="0.002" /><testcase classname="tests.alive.compose.test_baseline_subprocess" name="test_bundle_availability_imports_helpers_and_backend_from_verified_snapshot" time="0.365" /><testcase classname="tests.alive.compose.test_baseline_subprocess" name="test_payload_with_sealed_token_is_refused" time="0.001" /><testcase classname="tests.alive.compose.test_baseline_subprocess" name="test_configure_payload_detaches_nested_state" time="0.001" /><testcase classname="tests.alive.compose.test_baseline_subprocess" name="test_verified_checkpoint_is_persisted_content_addressed" time="0.004" /><testcase classname="tests.alive.compose.test_baseline_subprocess" name="test_worker_executes_from_verified_read_only_snapshot" time="0.002" /><testcase classname="tests.alive.compose.test_baseline_subprocess" name="test_worker_bundle_snapshot_is_validated_and_is_the_only_pythonpath" time="0.114" /><testcase classname="tests.alive.compose.test_baseline_subprocess" name="test_checkpoint_source_symlink_is_rejected" time="0.002" /><testcase classname="tests.alive.compose.test_baseline_subprocess" name="test_checkpoint_store_symlink_cannot_escape_approved_root" time="0.001" /><testcase classname="tests.alive.compose.test_baseline_subprocess" name="test_existing_nonregular_content_address_is_rejected[symlink]" time="0.003" /><testcase classname="tests.alive.compose.test_baseline_subprocess" name="test_existing_nonregular_content_address_is_rejected[directory]" time="0.002" /><testcase classname="tests.alive.compose.test_baseline_subprocess" name="test_failed_atomic_publish_removes_staging_node" time="0.003" /><testcase classname="tests.alive.compose.test_baseline_subprocess" name="test_checkpoint_publish_fsyncs_file_and_directories" time="0.004" /><testcase classname="tests.alive.compose.test_baseline_subprocess" name="test_worker_environment_uses_only_fixed_controller_values_without_paths" time="0.001" /><testcase classname="tests.alive.compose.test_baseline_subprocess" name="test_worker_environment_binds_verified_paths_and_lock" time="0.001" /><testcase classname="tests.alive.compose.test_baseline_subprocess" name="test_worker_environment_rejects_symlinked_or_outside_identity_path" time="0.001" /><testcase classname="tests.alive.compose.test_baseline_subprocess" name="test_worker_environment_rehashes_identity_immediately_before_launch" time="0.001" /><testcase classname="tests.alive.compose.test_baseline_subprocess" name="test_predict_rejects_relative_approved_root" time="0.001" /><testcase classname="tests.alive.compose.test_baseline_subprocess" name="test_scientific_backend_refuses_to_mutate_approved_input_root" time="0.001" /><testcase classname="tests.alive.compose.test_baseline_subprocess" name="test_v1_schema_version_rejected" time="0.001" /><testcase classname="tests.alive.compose.test_baseline_subprocess" name="test_projection_control_mean_divergence_rejected" time="0.001" /><testcase classname="tests.alive.compose.test_baseline_subprocess" name="test_projection_raw_data_divergence_rejected" time="0.001" /><testcase classname="tests.alive.compose.test_baseline_subprocess" name="test_projection_bad_pca_mean_length_rejected" time="0.001" /><testcase classname="tests.alive.compose.test_baseline_subprocess" name="test_projection_response_artifact_divergence_rejected" time="0.000" /><testcase classname="tests.alive.compose.test_baseline_subprocess" name="test_malformed_digest_and_role_counts_rejected" time="0.001" /><testcase classname="tests.alive.compose.test_baseline_subprocess" name="test_fit_role_disallowed_obs_role_rejected" time="0.001" /><testcase classname="tests.alive.compose.test_baseline_subprocess" name="test_pair_ids_overlapping_calibration_rejected" time="0.001" /><testcase classname="tests.alive.compose.test_baseline_subprocess" name="test_spawn_backends_do_not_share_payload_or_manifest_state" time="0.001" /><testcase classname="tests.alive.compose.test_baseline_subprocess" name="test_spawn_seed_reaches_serialized_payload_and_provenance" time="0.002" /><testcase classname="tests.alive.compose.test_baseline_subprocess" name="test_failed_repredict_clears_stale_manifest_and_checkpoint" time="0.002" /><testcase classname="tests.alive.compose.test_baseline_subprocess" name="test_configuring_fold_b_cannot_change_fold_a" time="0.002" /><testcase classname="tests.alive.compose.test_baselines_combo" name="test_additive_is_sum_of_single_shifts" time="0.000" /><testcase classname="tests.alive.compose.test_baselines_combo" name="test_additive_is_symmetric" time="0.000" /><testcase classname="tests.alive.compose.test_baselines_combo" name="test_additive_rejects_shape_mismatch" time="0.000" /><testcase classname="tests.alive.compose.test_baselines_combo" name="test_no_change_is_zeros_of_response_dim" time="0.000" /><testcase classname="tests.alive.compose.test_baselines_combo" name="test_no_change_rejects_nonpositive_dim" time="0.000" /><testcase classname="tests.alive.compose.test_baselines_combo" name="test_perturbation_mean_is_mean_over_training_doubles" time="0.000" /><testcase classname="tests.alive.compose.test_baselines_combo" name="test_perturbation_mean_rejects_empty" time="0.000" /><testcase classname="tests.alive.compose.test_baselines_combo" name="test_context_is_frozen" time="0.000" /><testcase classname="tests.alive.compose.test_baselines_combo" name="test_context_has_exactly_the_required_fields_and_no_seal_handles" time="0.000" /><testcase classname="tests.alive.compose.test_baselines_combo" name="test_adapter_requires_exact_allowed_roles" time="0.000" /><testcase classname="tests.alive.compose.test_baselines_combo" name="test_adapter_rejects_superset_of_allowed_roles" time="0.000" /><testcase classname="tests.alive.compose.test_baselines_combo" name="test_adapter_rejects_sealed_role_in_allowed_roles" time="0.000" /><testcase classname="tests.alive.compose.test_baselines_combo" name="test_adapter_rejects_sealed_key_nested_in_checksum_value" time="0.000" /><testcase classname="tests.alive.compose.test_baselines_combo" name="test_recursive_sealed_scan_fires_on_deeply_nested_structure" time="0.000" /><testcase classname="tests.alive.compose.test_baselines_combo" name="test_recursive_sealed_scan_fires_on_all_string_bearing_numpy_arrays" time="0.000" /><testcase classname="tests.alive.compose.test_baselines_combo" name="test_recursive_sealed_scan_fails_closed_on_non_utf8_bytes" time="0.000" /><testcase classname="tests.alive.compose.test_baselines_combo" name="test_recursive_sealed_scan_survives_temporary_object_id_reuse" time="0.000" /><testcase classname="tests.alive.compose.test_baselines_combo" name="test_adapter_rejects_arbitrary_untyped_dict" time="0.000" /><testcase classname="tests.alive.compose.test_baselines_combo" name="test_adapter_rejects_extra_pair_predictions" time="0.000" /><testcase classname="tests.alive.compose.test_baselines_combo" name="test_adapter_rejects_missing_pair_predictions" time="0.000" /><testcase classname="tests.alive.compose.test_baselines_combo" name="test_adapter_rejects_wrong_response_dimension" time="0.000" /><testcase classname="tests.alive.compose.test_baselines_combo" name="test_adapter_rejects_noncanonical_or_misaligned_pair_keys" time="0.000" /><testcase classname="tests.alive.compose.test_baselines_combo" name="test_adapter_raises_unavailable_when_backend_missing" time="0.000" /><testcase classname="tests.alive.compose.test_baselines_combo" name="test_adapter_raises_unavailable_when_backend_reports_unavailable" time="0.000" /><testcase classname="tests.alive.compose.test_baselines_combo" name="test_adapter_succeeds_with_stub_backend_and_matching_ids" time="0.000" /><testcase classname="tests.alive.compose.test_baselines_combo" name="test_adapter_accepts_pairs_in_any_request_order" time="0.000" /><testcase classname="tests.alive.compose.test_baselines_combo" name="test_adapter_spawn_delegates_to_backend_and_wraps_fresh_instance" time="0.000" /><testcase classname="tests.alive.compose.test_baselines_combo" name="test_adapter_spawn_rejects_backend_without_spawn" time="0.000" /><testcase classname="tests.alive.compose.test_baselines_combo" name="test_adapter_spawn_rejects_missing_backend" time="0.000" /><testcase classname="tests.alive.compose.test_config" name="test_canonical_round_trip" time="0.001" /><testcase classname="tests.alive.compose.test_config" name="test_unknown_key_rejected" time="0.001" /><testcase classname="tests.alive.compose.test_config" name="test_bad_fraction_rejected" time="0.001" /><testcase classname="tests.alive.compose.test_config2" name="test_canonical_round_trip" time="0.008" /><testcase classname="tests.alive.compose.test_config2" name="test_config_is_frozen" time="0.008" /><testcase classname="tests.alive.compose.test_config2" name="test_total_k_grid_and_esm_arithmetic" time="0.008" /><testcase classname="tests.alive.compose.test_config2" name="test_unregistered_esm_model_is_rejected" time="0.019" /><testcase classname="tests.alive.compose.test_config2" name="test_runtime_contract_values_are_exposed_and_hashed" time="0.008" /><testcase classname="tests.alive.compose.test_config2" name="test_minimum_sealed_n_is_strict_registered_positive_int[0]" time="0.019" /><testcase classname="tests.alive.compose.test_config2" name="test_minimum_sealed_n_is_strict_registered_positive_int[-1]" time="0.019" /><testcase classname="tests.alive.compose.test_config2" name="test_minimum_sealed_n_is_strict_registered_positive_int[True]" time="0.019" /><testcase classname="tests.alive.compose.test_config2" name="test_minimum_sealed_n_is_strict_registered_positive_int[1]" time="0.019" /><testcase classname="tests.alive.compose.test_config2" name="test_minimum_sealed_n_is_strict_registered_positive_int[1.0]" time="0.019" /><testcase classname="tests.alive.compose.test_config2" name="test_power_status_is_closed_to_registered_lifecycle_values" time="0.020" /><testcase classname="tests.alive.compose.test_config2" name="test_esm_arithmetic_mismatch_rejected" time="0.019" /><testcase classname="tests.alive.compose.test_config2" name="test_esm_projection_dim_must_be_two" time="0.019" /><testcase classname="tests.alive.compose.test_config2" name="test_total_k_grid_must_be_4_6_8" time="0.019" /><testcase classname="tests.alive.compose.test_config2" name="test_exact_comparator_roster" time="0.008" /><testcase classname="tests.alive.compose.test_config2" name="test_comparator_roster_must_be_exact" time="0.020" /><testcase classname="tests.alive.compose.test_config2" name="test_comparator_roster_reordered_rejected" time="0.021" /><testcase classname="tests.alive.compose.test_config2" name="test_metric_formula_and_margins" time="0.008" /><testcase classname="tests.alive.compose.test_config2" name="test_futility_rule_is_loaded_and_frozen" time="0.008" /><testcase classname="tests.alive.compose.test_config2" name="test_futility_rule_change_rejected[conditions-value0]" time="0.019" /><testcase classname="tests.alive.compose.test_config2" name="test_futility_rule_change_rejected[dev_oof_metric-unregistered]" time="0.019" /><testcase classname="tests.alive.compose.test_config2" name="test_futility_rule_change_rejected[dev_oof_threshold-999.0]" time="0.019" /><testcase classname="tests.alive.compose.test_config2" name="test_metric_formula_change_rejected" time="0.019" /><testcase classname="tests.alive.compose.test_config2" name="test_metric_margin_change_rejected" time="0.019" /><testcase classname="tests.alive.compose.test_config2" name="test_secondary_metrics_definitions" time="0.008" /><testcase classname="tests.alive.compose.test_config2" name="test_unknown_secondary_metric_rejected" time="0.019" /><testcase classname="tests.alive.compose.test_config2" name="test_bootstrap_settings" time="0.008" /><testcase classname="tests.alive.compose.test_config2" name="test_bootstrap_replicates_change_rejected" time="0.019" /><testcase classname="tests.alive.compose.test_config2" name="test_role_names" time="0.008" /><testcase classname="tests.alive.compose.test_config2" name="test_role_names_change_rejected" time="0.020" /><testcase classname="tests.alive.compose.test_config2" name="test_activation_requirements" time="0.008" /><testcase classname="tests.alive.compose.test_config2" name="test_unknown_top_level_key_rejected" time="0.019" /><testcase classname="tests.alive.compose.test_config2" name="test_unknown_nested_key_rejected" time="0.019" /><testcase classname="tests.alive.compose.test_config2" name="test_missing_top_level_key_rejected" time="0.018" /><testcase classname="tests.alive.compose.test_config2" name="test_missing_nested_key_rejected" time="0.019" /><testcase classname="tests.alive.compose.test_config2" name="test_empty_config_rejected" time="0.001" /><testcase classname="tests.alive.compose.test_config2" name="test_unknown_inner_key_rejected_per_block[seal]" time="0.019" /><testcase classname="tests.alive.compose.test_config2" name="test_unknown_inner_key_rejected_per_block[verdict]" time="0.019" /><testcase classname="tests.alive.compose.test_config2" name="test_unknown_inner_key_rejected_per_block[verdict.no_distinct_win]" time="0.019" /><testcase classname="tests.alive.compose.test_config2" name="test_unknown_inner_key_rejected_per_block[split.roles]" time="0.019" /><testcase classname="tests.alive.compose.test_config2" name="test_unknown_inner_key_rejected_per_block[baselines.gears]" time="0.019" /><testcase classname="tests.alive.compose.test_config2" name="test_unknown_inner_key_rejected_per_block[data]" time="0.019" /><testcase classname="tests.alive.compose.test_config2" name="test_unknown_inner_key_rejected_per_block[eligibility]" time="0.019" /><testcase classname="tests.alive.compose.test_config2" name="test_unknown_inner_key_rejected_per_block[identification]" time="0.019" /><testcase classname="tests.alive.compose.test_config2" name="test_unknown_inner_key_rejected_per_block[seeds]" time="0.019" /><testcase classname="tests.alive.compose.test_config2" name="test_missing_inner_key_rejected_per_block[seal]" time="0.019" /><testcase classname="tests.alive.compose.test_config2" name="test_missing_inner_key_rejected_per_block[verdict]" time="0.019" /><testcase classname="tests.alive.compose.test_config2" name="test_missing_inner_key_rejected_per_block[verdict.no_distinct_win]" time="0.019" /><testcase classname="tests.alive.compose.test_config2" name="test_missing_inner_key_rejected_per_block[split.roles]" time="0.019" /><testcase classname="tests.alive.compose.test_config2" name="test_missing_inner_key_rejected_per_block[baselines.gears]" time="0.019" /><testcase classname="tests.alive.compose.test_config2" name="test_missing_inner_key_rejected_per_block[data]" time="0.020" /><testcase classname="tests.alive.compose.test_config2" name="test_missing_inner_key_rejected_per_block[eligibility]" time="0.019" /><testcase classname="tests.alive.compose.test_config2" name="test_missing_inner_key_rejected_per_block[identification]" time="0.019" /><testcase classname="tests.alive.compose.test_config2" name="test_missing_inner_key_rejected_per_block[seeds]" time="0.019" /><testcase classname="tests.alive.compose.test_config2" name="test_seal_unknown_inner_key_rejected" time="0.019" /><testcase classname="tests.alive.compose.test_config2" name="test_seal_missing_inner_key_rejected" time="0.019" /><testcase classname="tests.alive.compose.test_config2" name="test_verdict_unknown_inner_key_rejected" time="0.019" /><testcase classname="tests.alive.compose.test_config2" name="test_verdict_missing_inner_key_rejected" time="0.019" /><testcase classname="tests.alive.compose.test_config2" name="test_split_roles_unknown_inner_key_rejected" time="0.019" /><testcase classname="tests.alive.compose.test_config2" name="test_baselines_gears_unknown_inner_key_rejected" time="0.019" /><testcase classname="tests.alive.compose.test_config2" name="test_baselines_gears_missing_inner_key_rejected" time="0.019" /><testcase classname="tests.alive.compose.test_config2" name="test_canonical_baseline_representations_are_locked" time="0.008" /><testcase classname="tests.alive.compose.test_config2" name="test_null_pseudobulk_bias_keeps_activation_blocked" time="0.008" /><testcase classname="tests.alive.compose.test_config2" name="test_measured_pseudobulk_bias_lifts_activation_block" time="0.019" /><testcase classname="tests.alive.compose.test_config2" name="test_unregistered_representation_rejected" time="0.019" /><testcase classname="tests.alive.compose.test_config2" name="test_pseudobulk_malformed_bias_sha_rejected" time="0.019" /><testcase classname="tests.alive.compose.test_config2" name="test_cell_level_representation_rejects_non_null_bias" time="0.019" /><testcase classname="tests.alive.compose.test_config2" name="test_missing_representation_key_rejected" time="0.019" /><testcase classname="tests.alive.compose.test_config2" name="test_status_typo_rejected" time="0.019" /><testcase classname="tests.alive.compose.test_config2" name="test_status_unknown_value_rejected" time="0.019" /><testcase classname="tests.alive.compose.test_config2" name="test_status_active_accepted" time="0.019" /><testcase classname="tests.alive.compose.test_config2" name="test_string_int_in_total_k_grid_rejected" time="0.019" /><testcase classname="tests.alive.compose.test_config2" name="test_string_int_in_expression_dims_rejected" time="0.019" /><testcase classname="tests.alive.compose.test_config2" name="test_bool_in_esm_projection_dim_rejected" time="0.019" /><testcase classname="tests.alive.compose.test_config2" name="test_scientific_guard_rejects_fixture_mode" time="0.008" /><testcase classname="tests.alive.compose.test_config2" name="test_fixture_mode_cannot_bypass_activation_record" time="0.008" /><testcase classname="tests.alive.compose.test_config2" name="test_blocked_config_cannot_start_scientific_pipeline" time="0.027" /><testcase classname="tests.alive.compose.test_config2" name="test_activated_canonical_config_is_blocked_by_missing_pseudobulk_bias_report" time="0.019" /><testcase c
[...]
tcase classname="tests.alive.metrics.test_distance.TestRepeatedEnergyDistance" name="test_determinism" time="0.002" /><testcase classname="tests.alive.metrics.test_distance.TestRepeatedEnergyDistance" name="test_uses_min_of_cap_nx_ny" time="0.001" /><testcase classname="tests.alive.metrics.test_distance.TestRepeatedEnergyDistance" name="test_raises_when_too_few_cells" time="0.000" /><testcase classname="tests.alive.metrics.test_distance.TestRepeatedEnergyDistance" name="test_result_within_per_repeat_range" time="0.002" /><testcase classname="tests.alive.metrics.test_distance.TestRepeatedEnergyDistance" name="test_non_negative" time="0.001" /><testcase classname="tests.alive.metrics.test_distance.TestRepeatedEnergyDistance" name="test_different_seed_key_different_result" time="0.002" /><testcase classname="tests.alive.metrics.test_distance.TestSelfDistanceFloor" name="test_determinism" time="0.002" /><testcase classname="tests.alive.metrics.test_distance.TestSelfDistanceFloor" name="test_halves_are_disjoint" time="0.001" /><testcase classname="tests.alive.metrics.test_distance.TestSelfDistanceFloor" name="test_tight_cloud_smaller_than_diffuse" time="0.002" /><testcase classname="tests.alive.metrics.test_distance.TestSelfDistanceFloor" name="test_raises_too_few_cells" time="0.000" /><testcase classname="tests.alive.metrics.test_distance.TestSelfDistanceFloor" name="test_non_negative" time="0.001" /><testcase classname="tests.alive.metrics.test_distance.TestSlicedWasserstein" name="test_determinism" time="0.001" /><testcase classname="tests.alive.metrics.test_distance.TestSlicedWasserstein" name="test_identity_approx_zero" time="0.001" /><testcase classname="tests.alive.metrics.test_distance.TestSlicedWasserstein" name="test_near_identity_two_draws_from_same_distribution" time="0.001" /><testcase classname="tests.alive.metrics.test_distance.TestSlicedWasserstein" name="test_grows_with_shift" time="0.001" /><testcase classname="tests.alive.metrics.test_distance.TestSlicedWasserstein" name="test_non_negative" time="0.000" /><testcase classname="tests.alive.metrics.test_distance.TestSlicedWasserstein" name="test_different_seed_key_usually_different" time="0.001" /><testcase classname="tests.alive.metrics.test_distance.TestSlicedWasserstein" name="test_unequal_sizes" time="0.001" /><testcase classname="tests.alive.metrics.test_distance.TestSeedKeyStability" name="test_sha256_seed_stable_across_processes" time="0.017" /><testcase classname="tests.alive.metrics.test_distance.TestSeedKeyStability" name="test_repeated_energy_distance_stable_across_processes" time="1.469" /><testcase classname="tests.alive.metrics.test_selective.TestPerfectRanking" name="test_aurc" time="0.000" /><testcase classname="tests.alive.metrics.test_selective.TestPerfectRanking" name="test_augrc" time="0.000" /><testcase classname="tests.alive.metrics.test_selective.TestPerfectRanking" name="test_coverage_curve_values" time="0.001" /><testcase classname="tests.alive.metrics.test_selective.TestPerfectRanking" name="test_aurc_is_minimum_for_this_multiset" time="0.000" /><testcase classname="tests.alive.metrics.test_selective.TestReverseRanking" name="test_aurc" time="0.000" /><testcase classname="tests.alive.metrics.test_selective.TestReverseRanking" name="test_strictly_greater_than_perfect" time="0.000" /><testcase classname="tests.alive.metrics.test_selective.TestMiddlingOrder" name="test_between_perfect_and_reverse" time="0.000" /><testcase classname="tests.alive.metrics.test_selective.TestConstantRisk" name="test_aurc_constant" time="0.000" /><testcase classname="tests.alive.metrics.test_selective.TestConstantRisk" name="test_augrc_constant" time="0.000" /><testcase classname="tests.alive.metrics.test_selective.TestConstantRisk" name="test_invariant_to_score_order" time="0.001" /><testcase classname="tests.alive.metrics.test_selective.TestTieInvariance" name="test_aurc_invariant_to_intra_tie_order" time="0.000" /><testcase classname="tests.alive.metrics.test_selective.TestTieInvariance" name="test_augrc_invariant_to_intra_tie_order" time="0.000" /><testcase classname="tests.alive.metrics.test_selective.TestTieInvariance" name="test_aurc_expected_value" time="0.000" /><testcase classname="tests.alive.metrics.test_selective.TestTieInvariance" name="test_curve_uses_group_means" time="0.000" /><testcase classname="tests.alive.metrics.test_selective.TestTieInvariance" name="test_all_equal_scores" time="0.000" /><testcase classname="tests.alive.metrics.test_selective.TestAurcAugrcRelationship" name="test_generalized_risk_per_k" time="0.000" /><testcase classname="tests.alive.metrics.test_selective.TestAurcAugrcRelationship" name="test_augrc_from_coverage_curve" time="0.000" /><testcase classname="tests.alive.metrics.test_selective.TestAurcAugrcRelationship" name="test_aurc_from_coverage_curve" time="0.000" /><testcase classname="tests.alive.metrics.test_selective.TestRiskAtCoverage" name="test_c_equal_one_returns_mean" time="0.000" /><testcase classname="tests.alive.metrics.test_selective.TestRiskAtCoverage" name="test_c_half" time="0.000" /><testcase classname="tests.alive.metrics.test_selective.TestRiskAtCoverage" name="test_c_quarter" time="0.000" /><testcase classname="tests.alive.metrics.test_selective.TestRiskAtCoverage" name="test_c_zero_raises" time="0.000" /><testcase classname="tests.alive.metrics.test_selective.TestRiskAtCoverage" name="test_c_negative_raises" time="0.000" /><testcase classname="tests.alive.metrics.test_selective.TestRiskAtCoverage" name="test_c_greater_than_one_raises" time="0.000" /><testcase classname="tests.alive.metrics.test_selective.TestRiskAtCoverage" name="test_registered_coverage_points_sensible" time="0.000" /><testcase classname="tests.alive.metrics.test_selective.TestRiskAtCoverage" name="test_registered_coverage_points_tuple" time="0.000" /><testcase classname="tests.alive.metrics.test_selective.TestEdgeCases" name="test_empty_arrays_raise" time="0.000" /><testcase classname="tests.alive.metrics.test_selective.TestEdgeCases" name="test_unequal_lengths_raise" time="0.000" /><testcase classname="tests.alive.metrics.test_selective.TestEdgeCases" name="test_nan_risk_raises" time="0.000" /><testcase classname="tests.alive.metrics.test_selective.TestEdgeCases" name="test_inf_risk_raises" time="0.000" /><testcase classname="tests.alive.metrics.test_selective.TestEdgeCases" name="test_nan_score_raises" time="0.000" /><testcase classname="tests.alive.metrics.test_selective.TestEdgeCases" name="test_inf_score_raises" time="0.000" /><testcase classname="tests.alive.metrics.test_selective.TestEdgeCases" name="test_negative_risk_raises" time="0.000" /><testcase classname="tests.alive.metrics.test_selective.TestEdgeCases" name="test_single_item" time="0.000" /><testcase classname="tests.alive.metrics.test_selective.TestEdgeCases" name="test_zero_risk_allowed" time="0.000" /><testcase classname="tests.alive.metrics.test_selective.TestBootstrapResample" name="test_duplicated_rows_finite" time="0.000" /><testcase classname="tests.alive.metrics.test_selective.TestBootstrapResample" name="test_all_identical_rows" time="0.000" /><testcase classname="tests.alive.metrics.test_selective.TestNormalizeByMean" name="test_divides_by_mean" time="0.000" /><testcase classname="tests.alive.metrics.test_selective.TestNormalizeByMean" name="test_rank_order_preserved" time="0.000" /><testcase classname="tests.alive.metrics.test_selective.TestNormalizeByMean" name="test_aurc_linearity" time="0.000" /><testcase classname="tests.alive.metrics.test_selective.TestNormalizeByMean" name="test_zero_mean_raises" time="0.000" /><testcase classname="tests.alive.metrics.test_selective.TestNormalizeByMean" name="test_negative_mean_raises" time="0.000" /><testcase classname="tests.alive.metrics.test_selective.TestNormalizeByMean" name="test_output_mean_is_one" time="0.000" /><testcase classname="tests.alive.test_config" name="test_round_trip_loads" time="0.004" /><testcase classname="tests.alive.test_config" name="test_experiment_name" time="0.003" /><testcase classname="tests.alive.test_config" name="test_manifest_seed" time="0.003" /><testcase classname="tests.alive.test_config" name="test_split_fractions" time="0.003" /><testcase classname="tests.alive.test_config" name="test_response_space_fields" time="0.003" /><testcase classname="tests.alive.test_config" name="test_perturbation_features" time="0.003" /><testcase classname="tests.alive.test_config" name="test_base_model_fields" time="0.003" /><testcase classname="tests.alive.test_config" name="test_method_development_fields" time="0.004" /><testcase classname="tests.alive.test_config" name="test_decision_fields" time="0.003" /><testcase classname="tests.alive.test_config" name="test_inference_fields" time="0.003" /><testcase classname="tests.alive.test_config" name="test_futility_fields" time="0.003" /><testcase classname="tests.alive.test_config" name="test_fractions_dont_sum_to_one" time="0.006" /><testcase classname="tests.alive.test_config" name="test_fraction_value_gte_one" time="0.006" /><testcase classname="tests.alive.test_config" name="test_fraction_value_lte_zero" time="0.006" /><testcase classname="tests.alive.test_config" name="test_fractions_wrong_keys" time="0.006" /><testcase classname="tests.alive.test_config" name="test_unknown_top_level_key" time="0.006" /><testcase classname="tests.alive.test_config" name="test_unknown_nested_key_in_response_space" time="0.006" /><testcase classname="tests.alive.test_config" name="test_small_bootstrap_replicates" time="0.006" /><testcase classname="tests.alive.test_config" name="test_unknown_futility_comparator" time="0.006" /><testcase classname="tests.alive.test_config" name="test_empty_futility_comparators" time="0.006" /><testcase classname="tests.alive.test_config" name="test_conformal_alpha_out_of_range" time="0.006" /><testcase classname="tests.alive.test_config" name="test_family_confidence_out_of_range" time="0.006" /><testcase classname="tests.alive.test_config" name="test_minimum_sealed_perturbations_zero" time="0.006" /><testcase classname="tests.alive.test_config" name="test_empty_ridge_grid" time="0.006" /><testcase classname="tests.alive.test_config" name="test_duplicate_registered_seeds" time="0.006" /><testcase classname="tests.alive.test_config" name="test_run_id_deterministic_across_key_order" time="0.014" /><testcase classname="tests.alive.test_config" name="test_run_id_changes_with_manifest_seed" time="0.015" /><testcase classname="tests.alive.test_config" name="test_run_id_is_hex_string" time="0.007" /><testcase classname="tests.alive.test_config" name="test_run_id_stable_across_calls" time="0.003" /><testcase classname="tests.alive.test_config" name="test_missing_top_level_section_raises_config_error" time="0.006" /><testcase classname="tests.alive.test_config" name="test_missing_nested_required_field_raises_config_error" time="0.006" /><testcase classname="tests.alive.test_config" name="test_empty_registered_seeds_raises_config_error" time="0.006" /><testcase classname="tests.alive.test_config" name="test_run_id_stable_across_processes" time="0.063" /><testcase classname="tests.alive.test_config" name="test_feature_extraction_canonical_round_trip" time="0.003" /><testcase classname="tests.alive.test_config" name="test_feature_extraction_absent_defaults" time="0.006" /><testcase classname="tests.alive.test_config" name="test_feature_extraction_bad_policy_string" time="0.006" /><testcase classname="tests.alive.test_config" name="test_feature_extraction_max_batch_too_small" time="0.006" /><testcase classname="tests.alive.test_config" name="test_feature_extraction_max_residues_lt_one" time="0.006" /><testcase classname="tests.alive.test_config" name="test_feature_extraction_unknown_key_rejected" time="0.006" /><testcase classname="tests.alive.test_config" name="test_feature_extraction_truncate_policy_valid" time="0.006" /><testcase classname="tests.alive.test_config" name="test_feature_extraction_max_batch_exactly_minimum_valid" time="0.006" /><testcase classname="tests.alive.test_provenance" name="test_compute_run_id_is_deterministic_and_input_sensitive" time="0.000" /><testcase classname="tests.alive.test_provenance.TestSha256File" name="test_matches_full_read" time="0.002" /><testcase classname="tests.alive.test_provenance.TestSha256File" name="test_chunked_read_multiple_chunks" time="0.002" /><testcase classname="tests.alive.test_provenance.TestSha256File" name="test_accepts_str_path" time="0.002" /><testcase classname="tests.alive.test_provenance.TestSha256File" name="test_empty_file" time="0.002" /><testcase classname="tests.alive.test_provenance.TestSha256Bytes" name="test_basic" time="0.000" /><testcase classname="tests.alive.test_provenance.TestSha256Bytes" name="test_empty" time="0.000" /><testcase classname="tests.alive.test_provenance.TestSha256Json" name="test_canonical_sort" time="0.000" /><testcase classname="tests.alive.test_provenance.TestSha256Json" name="test_known_value" time="0.000" /><testcase classname="tests.alive.test_provenance.TestSha256Json" name="test_different_objects_differ" time="0.000" /><testcase classname="tests.alive.test_provenance.TestCaptureEnvironment" name="test_returns_environment_info" time="0.002" /><testcase classname="tests.alive.test_provenance.TestCaptureEnvironment" name="test_python_version" time="0.002" /><testcase classname="tests.alive.test_provenance.TestCaptureEnvironment" name="test_platform_field" time="0.002" /><testcase classname="tests.alive.test_provenance.TestCaptureEnvironment" name="test_lockfile_sha256" time="0.002" /><testcase classname="tests.alive.test_provenance.TestCaptureEnvironment" name="test_git_commit_real_repo" time="0.002" /><testcase classname="tests.alive.test_provenance.TestCaptureEnvironment" name="test_git_commit_non_repo" time="0.003" /><testcase classname="tests.alive.test_provenance.TestCaptureEnvironment" name="test_registered_seeds_stored" time="0.002" /><testcase classname="tests.alive.test_provenance.TestCaptureEnvironment" name="test_no_timestamp_in_environment" time="0.002" /><testcase classname="tests.alive.test_provenance.TestRunLedgerArtifacts" name="test_record_and_retrieve" time="0.003" /><testcase classname="tests.alive.test_provenance.TestRunLedgerArtifacts" name="test_duplicate_artifact_name_raises" time="0.003" /><testcase classname="tests.alive.test_provenance.TestRunLedgerArtifacts" name="test_duplicate_same_hash_raises" time="0.003" /><testcase classname="tests.alive.test_provenance.TestRunLedgerArtifacts" name="test_artifact_sha_missing_raises_ledger_error" time="0.003" /><testcase classname="tests.alive.test_provenance.TestRunLedgerArtifacts" name="test_record_file_returns_hash" time="0.003" /><testcase classname="tests.alive.test_provenance.TestRunLedgerArtifacts" name="test_record_file_duplicate_raises" time="0.003" /><testcase classname="tests.alive.test_provenance.TestVerifyFile" name="test_unchanged_file_returns_true[raw_data]" time="0.004" /><testcase classname="tests.alive.test_provenance.TestVerifyFile" name="test_unchanged_file_returns_true[split_manifest]" time="0.003" /><testcase classname="tests.alive.test_provenance.TestVerifyFile" name="test_unchanged_file_returns_true[feature_bank]" time="0.003" /><testcase classname="tests.alive.test_provenance.TestVerifyFile" name="test_unchanged_file_returns_true[preprocessing_state]" time="0.003" /><testcase classname="tests.alive.test_provenance.TestVerifyFile" name="test_unchanged_file_returns_true[result]" time="0.003" /><testcase classname="tests.alive.test_provenance.TestVerifyFile" name="test_unchanged_file_returns_true[lockfile]" time="0.003" /><testcase classname="tests.alive.test_provenance.TestVerifyFile" name="test_modified_file_returns_false[raw_data]" time="0.004" /><testcase classname="tests.alive.test_provenance.TestVerifyFile" name="test_modified_file_returns_false[split_manifest]" time="0.004" /><testcase classname="tests.alive.test_provenance.TestVerifyFile" name="test_modified_file_returns_false[feature_bank]" time="0.004" /><testcase classname="tests.alive.test_provenance.TestVerifyFile" name="test_modified_file_returns_false[preprocessing_state]" time="0.004" /><testcase classname="tests.alive.test_provenance.TestVerifyFile" name="test_modified_file_returns_false[result]" time="0.004" /><testcase classname="tests.alive.test_provenance.TestVerifyFile" name="test_modified_file_returns_false[lockfile]" time="0.004" /><testcase classname="tests.alive.test_provenance.TestVerifyFileErrors" name="test_unrecorded_name_raises_ledger_error" time="0.003" /><testcase classname="tests.alive.test_provenance.TestRunLedgerSerialisation" name="test_byte_identical_for_same_inputs" time="0.005" /><testcase classname="tests.alive.test_provenance.TestRunLedgerSerialisation" name="test_no_timestamp_in_serialised_output" time="0.003" /><testcase classname="tests.alive.test_provenance.TestRunLedgerSerialisation" name="test_round_trip" time="0.003" /><testcase classname="tests.alive.test_provenance.TestRunLedgerSerialisation" name="test_file_hash_equals_canonical_json_hash" time="0.003" /><testcase classname="tests.alive.test_provenance.TestRunLedgerSerialisation" name="test_to_dict_is_json_serialisable" time="0.003" /><testcase classname="tests.alive.test_provenance.TestRunLedgerSerialisation" name="test_write_produces_valid_json" time="0.003" /><testcase classname="tests.alive.test_provenance.TestArtifactRecord" name="test_is_frozen" time="0.000" /><testcase classname="tests.alive.test_provenance.TestArtifactRecord" name="test_fields" time="0.000" /><testcase classname="tests.alive.test_types" name="test_verdict_members" time="0.000" /><testcase classname="tests.alive.test_types" name="test_verdict_is_str_enum" time="0.000" /><testcase classname="tests.alive.test_types" name="test_operational_status_members" time="0.000" /><testcase classname="tests.alive.test_types" name="test_operational_status_is_str_enum" time="0.000" /><testcase classname="tests.alive.test_types" name="test_query_constructs" time="0.000" /><testcase classname="tests.alive.test_types" name="test_query_is_frozen" time="0.000" /><testcase classname="tests.alive.test_types" name="test_query_features_1d" time="0.000" /><testcase classname="tests.alive.test_types" name="test_population_ref_constructs" time="0.000" /><testcase classname="tests.alive.test_types" name="test_population_ref_is_frozen" time="0.000" /><testcase classname="tests.alive.test_types" name="test_base_prediction_constructs_without_ensemble" time="0.000" /><testcase classname="tests.alive.test_types" name="test_base_prediction_constructs_with_ensemble" time="0.000" /><testcase classname="tests.alive.test_types" name="test_base_prediction_is_frozen" time="0.000" /><testcase classname="tests.test_claude_md_anchors" name="test_every_claude_md_anchor_reference_resolves" time="0.188" /><testcase classname="tests.test_claude_md_anchors" name="test_code_layer_has_no_fragile_section_number_refs" time="0.055" /><testcase classname="tests.test_claude_md_anchors" name="test_live_documentation_has_no_fragile_section_number_refs" time="0.018" /><testcase classname="tests.test_claude_md_anchors" name="test_root_claude_md_is_concise_and_protocol_independent" time="0.000" /><testcase classname="tests.test_documentation_hygiene" name="test_repository_markdown_links_are_portable_and_resolve" time="0.030" /><testcase classname="tests.test_documentation_hygiene" name="test_current_compose_entrypoints_use_three_axis_state" time="0.001" /><testcase classname="tests.test_gears_probe_evidence_contract" name="test_as_run_probe_is_quarantined_and_not_runnable" time="0.000" /><testcase classname="tests.test_gears_probe_evidence_contract" name="test_quarantined_archive_bytes_match_manifest" time="0.001" /><testcase classname="tests.test_gears_probe_evidence_contract" name="test_replacement_runbook_preserves_metadata_first_boundary" time="0.003" /></testsuite></testsuites>